* By Gauss law, the capacitance is 4*pi*e0*er*a*b/(b-a(1-er)) 
* Just some writing at the beginning, now actual lines are coming!!! 
C intcon5by12_1.txt 7.0  0.0 0.0 0.0
C intcon5by12_2.txt 7.0  0.0 0.0 0.0
C intcon5by12_3.txt 7.0  0.0 0.0 0.0
C intcon5by12_4.txt 7.0  0.0 0.0 0.0
C intcon5by12_5.txt 7.0  0.0 0.0 0.0
C intcon5by12_6.txt 7.0  0.0 0.0 0.0
C intcon5by12_7.txt 7.0  0.0 0.0 0.0
C intcon5by12_8.txt 7.0  0.0 0.0 0.0
C intcon5by12_9.txt 7.0  0.0 0.0 0.0
C intcon5by12_10.txt 7.0  0.0 0.0 0.0
C intcon5by12_11.txt 7.0  0.0 0.0 0.0
C intcon5by12_12.txt 7.0  0.0 0.0 0.0
C intcon5by12_13.txt 7.0  0.0 0.0 0.0
C intcon5by12_14.txt 7.0  0.0 0.0 0.0
C intcon5by12_15.txt 7.0  0.0 0.0 0.0
C intcon5by12_16.txt 7.0  0.0 0.0 0.0
C intcon5by12_17.txt 7.0  0.0 0.0 0.0
C intcon5by12_18.txt 7.0  0.0 0.0 0.0
C intcon5by12_19.txt 7.0  0.0 0.0 0.0
C intcon5by12_20.txt 7.0  0.0 0.0 0.0
C intcon5by12_21.txt 7.0  0.0 0.0 0.0
C intcon5by12_22.txt 7.0  0.0 0.0 0.0
C intcon5by12_23.txt 7.0  0.0 0.0 0.0
C intcon5by12_24.txt 7.0  0.0 0.0 0.0
C intcon5by12_25.txt 7.0  0.0 0.0 0.0
C intcon5by12_26.txt 7.0  0.0 0.0 0.0
C intcon5by12_27.txt 7.0  0.0 0.0 0.0
C intcon5by12_28.txt 7.0  0.0 0.0 0.0
C intcon5by12_29.txt 7.0  0.0 0.0 0.0
C intcon5by12_30.txt 7.0  0.0 0.0 0.0
C intcon5by12_31.txt 7.0  0.0 0.0 0.0
C intcon5by12_32.txt 7.0  0.0 0.0 0.0
C intcon5by12_33.txt 7.0  0.0 0.0 0.0
C intcon5by12_34.txt 7.0  0.0 0.0 0.0
C intcon5by12_35.txt 7.0  0.0 0.0 0.0
C intcon5by12_36.txt 7.0  0.0 0.0 0.0
C intcon5by12_37.txt 7.0  0.0 0.0 0.0
C intcon5by12_38.txt 7.0  0.0 0.0 0.0
C intcon5by12_39.txt 7.0  0.0 0.0 0.0
C intcon5by12_40.txt 7.0  0.0 0.0 0.0
C intcon5by12_41.txt 7.0  0.0 0.0 0.0
C intcon5by12_42.txt 7.0  0.0 0.0 0.0
C intcon5by12_43.txt 7.0  0.0 0.0 0.0
C intcon5by12_44.txt 7.0  0.0 0.0 0.0
C intcon5by12_45.txt 7.0  0.0 0.0 0.0
C intcon5by12_46.txt 7.0  0.0 0.0 0.0
C intcon5by12_47.txt 7.0  0.0 0.0 0.0
C intcon5by12_48.txt 7.0  0.0 0.0 0.0
C intcon5by12_49.txt 7.0  0.0 0.0 0.0
C intcon5by12_50.txt 7.0  0.0 0.0 0.0
C intcon5by12_51.txt 7.0  0.0 0.0 0.0
C intcon5by12_52.txt 7.0  0.0 0.0 0.0
C intcon5by12_53.txt 7.0  0.0 0.0 0.0
C intcon5by12_54.txt 7.0  0.0 0.0 0.0
C intcon5by12_55.txt 7.0  0.0 0.0 0.0
C intcon5by12_56.txt 7.0  0.0 0.0 0.0
C intcon5by12_57.txt 7.0  0.0 0.0 0.0
C intcon5by12_58.txt 7.0  0.0 0.0 0.0
C intcon5by12_59.txt 7.0  0.0 0.0 0.0
C intcon5by12_60.txt 7.0  0.0 0.0 0.0
D intcon5by12_61.txt 1.0 7.0  0.0 0.0 0.0 420 260 250 - 
