* By Gauss law, the capacitance is 4*pi*e0*er*a*b/(b-a(1-er)) 
* Just some writing at the beginning, now actual lines are coming!!! 
C intcon20by20_1.txt 1.0  0.0 0.0 0.0
C intcon20by20_2.txt 1.0  0.0 0.0 0.0
C intcon20by20_3.txt 1.0  0.0 0.0 0.0
C intcon20by20_4.txt 1.0  0.0 0.0 0.0
C intcon20by20_5.txt 1.0  0.0 0.0 0.0
C intcon20by20_6.txt 1.0  0.0 0.0 0.0
C intcon20by20_7.txt 1.0  0.0 0.0 0.0
C intcon20by20_8.txt 1.0  0.0 0.0 0.0
C intcon20by20_9.txt 1.0  0.0 0.0 0.0
C intcon20by20_10.txt 1.0  0.0 0.0 0.0
C intcon20by20_11.txt 1.0  0.0 0.0 0.0
C intcon20by20_12.txt 1.0  0.0 0.0 0.0
C intcon20by20_13.txt 1.0  0.0 0.0 0.0
C intcon20by20_14.txt 1.0  0.0 0.0 0.0
C intcon20by20_15.txt 1.0  0.0 0.0 0.0
C intcon20by20_16.txt 1.0  0.0 0.0 0.0
C intcon20by20_17.txt 1.0  0.0 0.0 0.0
C intcon20by20_18.txt 1.0  0.0 0.0 0.0
C intcon20by20_19.txt 1.0  0.0 0.0 0.0
C intcon20by20_20.txt 1.0  0.0 0.0 0.0
